Jul-02-2023 00:00:57 info: Script starts
Jul-02-2023 00:00:57 info: Listening on port 3001
Jul-02-2023 00:00:59 http: Post request receive on /data
Jul-02-2023 00:00:59 http: Request body: {
  "collection": "Mk7/Example collection 1",
  "uploader": "jason",
  "name": "Example entry 1",
  "fileName": "001.csv",
  "dataDate": "2012-04-23T18:25:43.511Z",
  "comments": "no comment",
  "data": "data1\ndata2"
}
Jul-02-2023 00:01:01 info: Master database connected
Jul-02-2023 00:01:01 info: Main database connected
Jul-02-2023 00:03:53 info: Script starts
Jul-02-2023 00:03:53 info: Listening on port 3001
Jul-02-2023 00:03:55 http: Post request receive on /data
Jul-02-2023 00:03:55 http: Request body: {
  "collection": "Mk7/Example collection 1",
  "uploader": "jason",
  "name": "Example entry 1",
  "fileName": "001.csv",
  "dataDate": "2012-04-23T18:25:43.511Z",
  "comments": "no comment",
  "data": "data1\ndata2"
}
Jul-02-2023 00:03:57 info: Master database connected
Jul-02-2023 00:03:57 info: Main database connected
Jul-02-2023 00:04:30 info: Script starts
Jul-02-2023 00:04:30 info: Listening on port 3001
Jul-02-2023 00:04:32 http: Post request receive on /data
Jul-02-2023 00:04:32 http: Request body: {
  "collection": "Mk7/Example collection 1",
  "uploader": "jason",
  "name": "Example entry 1",
  "fileName": "001.csv",
  "dataDate": "2012-04-23T18:25:43.511Z",
  "comments": "no comment",
  "data": "data1\ndata2"
}
Jul-02-2023 00:04:33 info: Main database connected
Jul-02-2023 00:04:33 info: Master database connected
Jul-02-2023 00:08:41 info: Script starts
Jul-02-2023 00:08:41 info: Listening on port 3001
Jul-02-2023 00:09:08 info: Script starts
Jul-02-2023 00:09:08 info: Listening on port 3001
Jul-02-2023 00:09:12 info: Master database connected
Jul-02-2023 00:09:12 info: Main database connected
Jul-02-2023 00:10:04 info: Script starts
Jul-02-2023 00:10:04 info: Listening on port 3001
Jul-02-2023 00:10:13 info: Script starts
Jul-02-2023 00:10:13 info: Listening on port 3001
Jul-02-2023 00:17:47 info: Script starts
Jul-02-2023 00:17:47 info: Listening on port 3001
Jul-02-2023 00:17:51 http: Post request receive on /data
Jul-02-2023 00:17:51 http: Request body: {
  "collection": "Mk7/Example collection 1",
  "uploader": "jason",
  "name": "Example entry 1",
  "fileName": "001.csv",
  "dataDate": "2012-04-23T18:25:43.511Z",
  "comments": "no comment",
  "data": "data1\ndata2"
}
Jul-02-2023 00:17:52 info: Main database connected
Jul-02-2023 00:17:52 info: Master database connected
Jul-02-2023 00:33:10 http: Post request receive on /data
Jul-02-2023 00:33:10 http: Request body: {
  "collection": "Mk7/Example collection 1",
  "uploader": "jason",
  "name": "Example entry 1",
  "fileName": "001.csv",
  "dataDate": "2012-04-23T18:25:43.511Z",
  "comments": "no comment",
  "daa": "data1\ndata2"
}
Jul-02-2023 00:33:18 info: Script starts
Jul-02-2023 00:33:18 info: Listening on port 3001
Jul-02-2023 00:33:23 http: Post request received on /data
Jul-02-2023 00:33:23 http: Request body: {
  "collection": "Mk7/Example collection 1",
  "uploader": "jason",
  "name": "Example entry 1",
  "fileName": "001.csv",
  "dataDate": "2012-04-23T18:25:43.511Z",
  "comments": "no comment",
  "daa": "data1\ndata2"
}
Jul-02-2023 00:33:23 info: Saving model to main database...
Jul-02-2023 00:33:23 info: Main database connected
Jul-02-2023 00:33:23 info: Master database connected
Jul-02-2023 00:33:25 info: Successfully saved model to main database: {
  uploader: 'jason',
  uploadDate: 2023-07-01T16:33:23.298Z,
  name: 'Example entry 1',
  fileName: '001.csv',
  dataDate: '2012-04-23T18:25:43.511Z',
  comments: 'no comment',
  _id: new ObjectId("64a055537e07863ea21b11eb"),
  __v: 0
}
Jul-02-2023 00:33:25 info: Searching master database for datalist
Jul-02-2023 00:33:27 info: Updating datalist
Jul-02-2023 00:33:28 info: Successfully updated datalist
Jul-02-2023 00:33:28 http: Request successful
Jul-02-2023 00:36:10 info: Script starts
Jul-02-2023 00:36:10 info: Listening on port 3001
Jul-02-2023 00:36:12 http: Post request received on /data
Jul-02-2023 00:36:12 http: Request body: {
  "collection": "Mk7/Example collection 1",
  "uploader": "jason",
  "name": "Example entry 1",
  "fileName": "001.csv",
  "dataDate": "2012-04-23T18:25:43.511Z",
  "comments": "no comment",
  "daa": "data1\ndata2"
}
Jul-02-2023 00:36:14 info: Main database connected
Jul-02-2023 00:36:14 info: Master database connected
Jul-02-2023 00:36:32 info: Script starts
Jul-02-2023 00:36:32 info: Listening on port 3001
Jul-02-2023 00:36:37 info: Master database connected
Jul-02-2023 00:36:37 info: Main database connected
Jul-02-2023 00:36:41 http: Post request received on /data
Jul-02-2023 00:36:41 http: Request body: {
  "collection": "Mk7/Example collection 1",
  "uploader": "jason",
  "name": "Example entry 1",
  "fileName": "001.csv",
  "dataDate": "2012-04-23T18:25:43.511Z",
  "comments": "no comment",
  "daa": "data1\ndata2"
}
Jul-02-2023 00:36:41 http: Request body does not contain all required values, stopping
Jul-02-2023 21:09:50 info: Script starts
Jul-02-2023 21:09:50 info: Listening on port 3001
Jul-02-2023 21:09:54 info: Master database connected
Jul-02-2023 21:09:54 info: Main database connected
Jul-02-2023 21:10:32 http: Delete request received on /data
Jul-02-2023 21:10:32 http: Request body: {
  "collection": "Mk7/Example collection 1",
  "name": "Example entry 1"
}
Jul-02-2023 21:10:34 error: Unknown error occured at delete /data: Cannot create property 'Symbol(level)' on string 'Deleted log entry: {
  _id: new ObjectId("648fbaf5db2997f1793d5506"),
  uploader: 'jason',
  uploadDate: 2023-06-19T02:18:29.430Z,
  name: 'Example entry 1',
  fileName: '001.csv',
  dataDate: 'Tue Apr 24 2012 02:25:43 GMT+0800 (China Standard Time)',
  comments: 'no comment',
  data: 'data1\ndata2',
  __v: 0
}'
Jul-02-2023 21:12:24 http: Delete request received on /data
Jul-02-2023 21:12:24 http: Request body: {
  "collection": "Mk7/Example collection 1",
  "name": "Example entry 1"
}
Jul-02-2023 21:12:24 error: Unknown error occured at delete /data: Cannot create property 'Symbol(level)' on string 'Deleted log entry: {
  _id: new ObjectId("6490a8a3619eddff72a9e20f"),
  uploader: 'jason',
  uploadDate: 2023-06-19T19:12:35.320Z,
  name: 'Example entry 1',
  fileName: '001.csv',
  dataDate: 'Tue Apr 24 2012 02:25:43 GMT+0800 (China Standard Time)',
  comments: 'no comment',
  data: 'data1\ndata2',
  __v: 0
}'
Jul-02-2023 21:13:35 info: Script starts
Jul-02-2023 21:13:35 info: Listening on port 3001
Jul-02-2023 21:13:39 info: Master database connected
Jul-02-2023 21:13:39 info: Main database connected
Jul-02-2023 21:13:44 http: Delete request received on /data
Jul-02-2023 21:13:44 http: Request body: {
  "collection": "Mk7/Example collection 1",
  "name": "Example entry 1"
}
Jul-02-2023 21:13:46 info: Deleted log entry: {
  _id: new ObjectId("64a055537e07863ea21b11eb"),
  uploader: 'jason',
  uploadDate: 2023-07-01T16:33:23.298Z,
  name: 'Example entry 1',
  fileName: '001.csv',
  dataDate: '2012-04-23T18:25:43.511Z',
  comments: 'no comment',
  __v: 0
}
Jul-02-2023 21:13:46 info: 1 documents left in collection: Mk7/Example collection 1
Jul-02-2023 21:13:48 info: Updated datalist
Jul-02-2023 21:14:12 http: Get request received on /datatree
Jul-02-2023 21:14:12 info: Getting datatree from master database
Jul-02-2023 21:14:12 info: Constructing tree object from list
Jul-02-2023 21:14:12 info: Tree built successfully
Jul-02-2023 21:14:49 http: Get request received on /plot
Jul-02-2023 21:14:49 http: Request query: {
  "collection": "Mk8/Example Collection 1",
  "name": "Example entry 1",
  "plot": "accm,rotx"
}
Jul-02-2023 21:14:49 info: Got log entry
Jul-02-2023 21:14:49 info: Writing log data to templog
Jul-02-2023 21:14:49 info: Spawning log2plot process
Jul-02-2023 21:14:49 info: Arguments: -p accm rotx -i templog.csv 
Jul-02-2023 21:14:49 info: Child process close all stdio with code 0
Jul-02-2023 21:14:49 info: Reading tempplot
Jul-02-2023 21:21:50 http: Get request received on /plot
Jul-02-2023 21:21:50 http: Request query: {
  "collection": "Mk8/Example Collection 1",
  "name": "Example entry 1",
  "plot": "accm,rotxya"
}
Jul-02-2023 21:21:53 info: Got log entry
Jul-02-2023 21:21:53 info: Writing log data to templog
Jul-02-2023 21:21:53 info: Spawning log2plot process
Jul-02-2023 21:21:53 info: Arguments: -p accm rotxya -i templog.csv 
Jul-02-2023 21:21:53 info: Child process close all stdio with code 0
Jul-02-2023 21:21:53 info: Reading tempplot
