{"label":"Log Rotation","level":"info","message":"BFRDA listening on port 3001"}
undefined
{
  message: 'BFRDA listening on port 3001',
  level: 'info',
  label: 'Log Rotation',
  timestamp: 'Jul-01-2023 23:40:58'
}
2023-07-01T15:45:09.967Z info: BFRDA listening on port 3001
Jul-01-2023 23:46:07 info: BFRDA listening on port 3001
Jul-01-2023 23:49:26 info: Script starts
Jul-01-2023 23:49:26 info: Listening on port 3001
Jul-01-2023 23:49:26 http: wooh
Jul-01-2023 23:49:30 info: Main database connected
Jul-01-2023 23:49:31 info: Master database connected
Jul-01-2023 23:49:48 info: Script starts
Jul-01-2023 23:49:48 info: Listening on port 3001
Jul-01-2023 23:49:48 error: wooh
Jul-01-2023 23:49:51 info: Master database connected
Jul-01-2023 23:51:49 info: Script starts
Jul-01-2023 23:51:49 info: Listening on port 3001
Jul-01-2023 23:51:52 info: Master database connected
Jul-01-2023 23:51:52 info: Main database connected
Jul-01-2023 23:52:10 info: Script starts
Jul-01-2023 23:52:10 info: Listening on port 3001
Jul-01-2023 23:52:13 info: Main database connected
Jul-01-2023 23:52:13 info: Master database connected
Jul-01-2023 23:52:19 http: Post request received: 
Jul-01-2023 23:52:49 info: Script starts
Jul-01-2023 23:52:49 info: Listening on port 3001
Jul-01-2023 23:52:53 info: Master database connected
Jul-01-2023 23:52:53 info: Main database connected
Jul-01-2023 23:52:55 http: Post request received: 
Jul-01-2023 23:53:14 info: Script starts
Jul-01-2023 23:53:14 info: Listening on port 3001
Jul-01-2023 23:53:16 http: Post request received: [object Object]
Jul-01-2023 23:53:17 info: Main database connected
Jul-01-2023 23:53:17 info: Master database connected
Jul-01-2023 23:53:32 info: Script starts
Jul-01-2023 23:53:32 info: Listening on port 3001
Jul-01-2023 23:53:34 http: Post request received: [object Object]
Jul-01-2023 23:53:35 info: Main database connected
Jul-01-2023 23:53:35 info: Master database connected
Jul-01-2023 23:53:42 http: Post request received: [object Object]
Jul-01-2023 23:55:13 info: Script starts
Jul-01-2023 23:55:13 info: Listening on port 3001
Jul-01-2023 23:55:15 http: Post request received: [object Object]
Jul-01-2023 23:55:17 info: Main database connected
Jul-01-2023 23:55:17 info: Master database connected
Jul-01-2023 23:56:34 info: Script starts
Jul-01-2023 23:56:34 info: Listening on port 3001
Jul-01-2023 23:56:36 http: Post request receive on /data
Jul-01-2023 23:56:36 http: [object Object]
Jul-01-2023 23:56:37 info: Main database connected
Jul-01-2023 23:56:37 info: Master database connected
Jul-01-2023 23:56:52 http: Post request receive on /data
Jul-01-2023 23:56:52 http: [object Object]
Jul-01-2023 23:57:09 info: Script starts
Jul-01-2023 23:57:09 info: Listening on port 3001
Jul-01-2023 23:57:11 http: Post request receive on /data
Jul-01-2023 23:57:12 info: Main database connected
Jul-01-2023 23:57:12 info: Master database connected
Jul-01-2023 23:58:12 info: Script starts
Jul-01-2023 23:58:13 info: Listening on port 3001
Jul-01-2023 23:58:14 http: Post request receive on /data
Jul-01-2023 23:58:14 http: {"collection":"Mk7/Example collection 1","uploader":"jason","name":"Example entry 1","fileName":"001.csv","dataDate":"2012-04-23T18:25:43.511Z","comments":"no comment","data":"data1\ndata2"}
Jul-01-2023 23:58:17 info: Master database connected
Jul-01-2023 23:58:17 info: Main database connected
Jul-01-2023 23:59:19 info: Script starts
Jul-01-2023 23:59:19 info: Listening on port 3001
Jul-01-2023 23:59:22 info: Master database connected
Jul-01-2023 23:59:22 info: Main database connected
Jul-01-2023 23:59:24 http: Post request receive on /data
Jul-01-2023 23:59:24 http: Request body: {
  "collection": "Mk7/Example collection 1",
  "uploader": "jason",
  "name": "Example entry 1",
  "fileName": "001.csv",
  "dataDate": "2012-04-23T18:25:43.511Z",
  "comments": "no comment",
  "data": "data1\ndata2"
}
